App/app/build/outputs/mapping/debug/mapping.txt
# compiler: R8
# compiler_version: 1.5.69
# min_api: 14
# pg_map_id: b76bb66
com.tiefensuche.motionmate.BuildConfig -> b.b.a.a:
    boolean DEBUG -> a
    7:7:void <clinit>() -> <clinit>
com.tiefensuche.motionmate.R$id -> b.b.a.b:
com.tiefensuche.motionmate.service.MotionActivity -> com.tiefensuche.motionmate.service.a:
    int previousSteps -> d
    boolean active -> b
    int id -> c
    int steps -> a
    11:18:void <init>(int,int) -> <init>
    14:14:boolean getActive$app_debug() -> a
    22:26:void update$app_debug(int) -> a
    11:11:int getId() -> b
    12:12:int getSteps$app_debug() -> c
    29:30:void toggle$app_debug() -> d
com.tiefensuche.motionmate.service.MotionService -> com.tiefensuche.motionmate.service.MotionService:
    int motionActivityId -> m
    long mCurrentDate -> f
    java.lang.String TAG -> n
    int mCurrentSteps -> d
    int mLastSteps -> e
    int mTodaysSteps -> c
    com.tiefensuche.motionmate.service.StepDetector simpleStepDetector -> h
    android.hardware.SensorEventListener mListener -> i
    android.support.v4.app.NotificationCompat$Builder mBuilder -> k
    android.content.SharedPreferences sharedPreferences -> b
    android.os.ResultReceiver receiver -> g
    android.util.SparseArray motionActivities -> l
    android.app.NotificationManager mNotificationManager -> j
    241:241:void <clinit>() -> <clinit>
    43:58:void <init>() -> <init>
    43:43:int access$getMCurrentSteps$p(com.tiefensuche.motionmate.service.MotionService) -> a
    43:43:void access$handleEvent(com.tiefensuche.motionmate.service.MotionService,int) -> a
    129:136:void handleEvent(int) -> a
    219:219:void createNotificationChannel() -> a
    43:43:com.tiefensuche.motionmate.service.StepDetector access$getSimpleStepDetector$p(com.tiefensuche.motionmate.service.MotionService) -> b
    140:150:void handleEvent() -> b
    158:158:void sendUpdate() -> c
    199:199:void startService() -> d
    62:62:android.os.IBinder onBind(android.content.Intent) -> onBind
    66:73:void onCreate() -> onCreate
    178:195:int onStartCommand(android.content.Intent,int,int) -> onStartCommand
com.tiefensuche.motionmate.service.MotionService$Companion -> com.tiefensuche.motionmate.service.MotionService$a:
    230:230:void <init>() -> <init>
    230:230:void <init>(kotlin.jvm.internal.DefaultConstructorMarker) -> <init>
com.tiefensuche.motionmate.service.MotionService$onCreate$1 -> com.tiefensuche.motionmate.service.MotionService$b:
    com.tiefensuche.motionmate.service.MotionService this$0 -> a
    86:86:void <init>(com.tiefensuche.motionmate.service.MotionService) -> <init>
    94:94:void onAccuracyChanged(android.hardware.Sensor,int) -> onAccuracyChanged
    89:90:void onSensorChanged(android.hardware.SensorEvent) -> onSensorChanged
com.tiefensuche.motionmate.service.MotionService$onCreate$2 -> com.tiefensuche.motionmate.service.MotionService$c:
    com.tiefensuche.motionmate.service.MotionService this$0 -> a
    100:100:void <init>(com.tiefensuche.motionmate.service.MotionService) -> <init>
    102:103:void step(long) -> a
com.tiefensuche.motionmate.service.MotionService$onCreate$3 -> com.tiefensuche.motionmate.service.MotionService$d:
    com.tiefensuche.motionmate.service.MotionService this$0 -> a
    105:105:void <init>(com.tiefensuche.motionmate.service.MotionService) -> <init>
    116:116:void onAccuracyChanged(android.hardware.Sensor,int) -> onAccuracyChanged
    108:112:void onSensorChanged(android.hardware.SensorEvent) -> onSensorChanged
com.tiefensuche.motionmate.service.OnBootReceiver -> com.tiefensuche.motionmate.service.OnBootReceiver:
    18:18:void <init>() -> <init>
    20:27:void onReceive(android.content.Context,android.content.Intent) -> onReceive
...
android.support.v4.app.FragmentTransitionCompat21$3 -> android.support.v4.app.q$c:
    android.support.v4.app.FragmentTransitionCompat21 this$0 -> g
    java.lang.Object val$sharedElementTransition -> e
    java.lang.Object val$exitTransition -> c
    java.util.ArrayList val$sharedElementsIn -> f
    java.lang.Object val$enterTransition -> a
    java.util.ArrayList val$exitingViews -> d
    java.util.ArrayList val$enteringViews -> b
    215:215:void <init>(android.support.v4.app.FragmentTransitionCompat21,java.lang.Object,java.util.ArrayList,java.lang.Object,java.util.ArrayList,java.lang.Object,java.util.ArrayList) -> <init>
    235:235:void onTransitionCancel(android.transition.Transition) -> onTransitionCancel
    231:231:void onTransitionEnd(android.transition.Transition) -> onTransitionEnd
    239:239:void onTransitionPause(android.transition.Transition) -> onTransitionPause
    243:243:void onTransitionResume(android.transition.Transition) -> onTransitionResume
    218:227:void onTransitionStart(android.transition.Transition) -> onTransitionStart
android.support.v4.app.FragmentTransitionCompat21$4 -> android.support.v4.app.q$d:
    android.graphics.Rect val$epicenter -> a
    305:305:void <init>(android.support.v4.app.FragmentTransitionCompat21,android.graphics.Rect) -> <init>
    308:309:android.graphics.Rect onGetEpicenter(android.transition.Transition) -> onGetEpicenter
android.support.v4.app.FragmentTransitionImpl -> android.support.v4.app.r:
    38:38:void <init>() -> <init>
    void addTarget(java.lang.Object,android.view.View) -> a
    void addTargets(java.lang.Object,java.util.ArrayList) -> a
    void beginDelayedTransition(android.view.ViewGroup,java.lang.Object) -> a
    boolean canHandle(java.lang.Object) -> a
    java.lang.Object mergeTransitionsInSequence(java.lang.Object,java.lang.Object,java.lang.Object) -> a
    void replaceTargets(java.lang.Object,java.util.ArrayList,java.util.ArrayList) -> a
    void scheduleHideFragmentView(java.lang.Object,android.view.View,java.util.ArrayList) -> a
    void scheduleRemoveTargets(java.lang.Object,java.lang.Object,java.util.ArrayList,java.lang.Object,java.util.ArrayList,java.lang.Object,java.util.ArrayList) -> a
    void setEpicenter(java.lang.Object,android.graphics.Rect) -> a
    75:78:void getBoundsOnScreen(android.view.View,android.graphics.Rect) -> a
    130:137:java.util.ArrayList prepareSetNameOverridesReordered(java.util.ArrayList) -> a
    149:178:void setNameOverridesReordered(android.view.View,java.util.ArrayList,java.util.ArrayList,java.util.ArrayList,java.util.Map) -> a
    189:205:void captureTransitioningViews(java.util.ArrayList,android.view.View) -> a
    212:226:void findNamedViews(java.util.Map,android.view.View) -> a
    233:247:void setNameOverridesOrdered(android.view.View,java.util.ArrayList,java.util.Map) -> a
android.support.v4.app.FragmentTransitionImpl$1 -> android.support.v4.app.r$a:
    java.util.ArrayList val$outNames -> f
    java.util.ArrayList val$sharedElementsOut -> e
    java.util.ArrayList val$inNames -> d
    int val$numSharedElements -> b
    java.util.ArrayList val$sharedElementsIn -> c
    169:169:void <init>(android.support.v4.app.FragmentTransitionImpl,int,java.util.ArrayList,java.util.ArrayList,java.util.ArrayList,java.util.ArrayList) -> <init>
    172:176:void run() -> run
android.support.v4.app.FragmentTransitionImpl$2 -> android.support.v4.app.r$b:
    java.util.Map val$nameOverrides -> c
    java.util.ArrayList val$sharedElementsIn -> b
    233:233:void <init>(android.support.v4.app.FragmentTransitionImpl,java.util.ArrayList,java.util.Map) -> <init>
    236:245:void run() -> run
android.support.v4.app.FragmentTransitionImpl$3 -> android.support.v4.app.r$c:
    java.util.Map val$nameOverrides -> c
    java.util.ArrayList val$sharedElementsIn -> b
    292:292:void <init>(android.support.v4.app.FragmentTransitionImpl,java.util.ArrayList,java.util.Map) -> <init>
    295:302:void run() -> run